<?xml version="1.0" encoding="UTF-8"?>
<testsuites name="KomutoBiodata" time="1306" tests="0" failures="2" errors="0">
   <testsuite name="KomutoBiodata" tests="0" failures="2" errors="0" time="1306" timestamp="2017-12-24 15:36:07" hostname="Frans - 192.168.10.100" id="Test Suites/KomutoBiodata">
      <properties>
[...]
</properties>
      <testcase name="Test Cases/TC001KomutoSignUp-In-Out" classname="Test Cases/TC001KomutoSignUp-In-Out" status="FAILED">
         <failure type="FAILED" message="Unable to set text 'Tester Skyshi' of object 'Object Repository/SignUp-in-Out/Page_Pasar Grobogan/input_nama' (Root cause: com.kms.katalon.core.webui.exception.WebElementNotFoundException: Web element with id: 'Object Repository/SignUp-in-Out/Page_Pasar Grobogan/input_nama' located by 'By.xpath: //input[count(. | //*[@name = 'nama']) = count(//*[@name = 'nama'])][count(. | //*[@placeholder = 'Nama Lengkap']) = count(//*[@placeholder = 'Nama Lengkap'])][count(. | //*[@type = 'text']) = count(//*[@type = 'text'])][count(. | id(&quot;__next&quot;)/div[1]/div[1]/div[2]/div[@class=&quot;main user&quot;]/div[2]/section[@class=&quot;section is-paddingless content&quot;]/div[@class=&quot;container is-fluid undefined&quot;]/form[1]/div[@class=&quot;form&quot;]/div[@class=&quot;field&quot;]/p[@class=&quot;control has-icons-right&quot;]/input[@class=&quot;input&quot;]) = count(id(&quot;__next&quot;)/div[1]/div[1]/div[2]/div[@class=&quot;main user&quot;]/div[2]/section[@class=&quot;section is-paddingless content&quot;]/div[@class=&quot;container is-fluid undefined&quot;]/form[1]/div[@class=&quot;form&quot;]/div[@class=&quot;field&quot;]/p[@class=&quot;control has-icons-right&quot;]/input[@class=&quot;input&quot;])]' not found)"/>
         <system-out><![CDATA[2017-12-24 15:36:08 - [TEST_CASE][FAILED] - Test Cases/TC001KomutoSignUp-In-Out: Test Cases/TC001KomutoSignUp-In-Out FAILED because (of) Unable to set text 'Tester Skyshi' of object 'Object Repository/SignUp-in-Out/Page_Pasar Grobogan/input_nama' (Root cause: com.kms.katalon.core.webui.exception.WebElementNotFoundException: Web element with id: 'Object Repository/SignUp-in-Out/Page_Pasar Grobogan/input_nama' located by 'By.xpath: //input[count(. | //*[@name = 'nama']) = count(//*[@name = 'nama'])][count(. | //*[@placeholder = 'Nama Lengkap']) = count(//*[@placeholder = 'Nama Lengkap'])][count(. | //*[@type = 'text']) = count(//*[@type = 'text'])][count(. | id("__next")/div[1]/div[1]/div[2]/div[@class="main user"]/div[2]/section[@class="section is-paddingless content"]/div[@class="container is-fluid undefined"]/form[1]/div[@class="form"]/div[@class="field"]/p[@class="control has-icons-right"]/input[@class="input"]) = count(id("__next")/div[1]/div[1]/div[2]/div[@class="main user"]/div[2]/section[@class="section is-paddingless content"]/div[@class="container is-fluid undefined"]/form[1]/div[@class="form"]/div[@class="field"]/p[@class="control has-icons-right"]/input[@class="input"])]' not found)

2017-12-24 15:36:08 - [TEST_STEP][PASSED] - openBrowser: Browser is opened with url: ''

2017-12-24 15:36:14 - [MESSAGE][PASSED] - Browser is opened with url: ''

2017-12-24 15:36:14 - [TEST_STEP][PASSED] - navigateToUrl: Navigate to 'https://mobiledev.komuto.com/' successfully

2017-12-24 15:36:21 - [MESSAGE][PASSED] - Navigate to 'https://mobiledev.komuto.com/' successfully

2017-12-24 15:36:21 - [TEST_STEP][PASSED] - click: Object: 'Object Repository/SignUp-in-Out/Page_Pasar Grobogan/a_Profil' is clicked on

2017-12-24 15:36:21 - [MESSAGE][PASSED] - Object: 'Object Repository/SignUp-in-Out/Page_Pasar Grobogan/a_Profil' is clicked on

2017-12-24 15:36:21 - [TEST_STEP][PASSED] - doubleClick: Object: 'Object Repository/SignUp-in-Out/Page_Pasar Grobogan/a_Profil' is double clicked on

2017-12-24 15:36:22 - [MESSAGE][PASSED] - Object: 'Object Repository/SignUp-in-Out/Page_Pasar Grobogan/a_Profil' is double clicked on

2017-12-24 15:36:22 - [TEST_STEP][PASSED] - click: Object: 'Object Repository/SignUp-in-Out/Page_Pasar Grobogan/a_Daftar' is clicked on

2017-12-24 15:36:23 - [MESSAGE][PASSED] - Object: 'Object Repository/SignUp-in-Out/Page_Pasar Grobogan/a_Daftar' is clicked on

2017-12-24 15:36:23 - [TEST_STEP][PASSED] - waitForPageLoad: Wait for page load successfully

2017-12-24 15:36:23 - [MESSAGE][PASSED] - Wait for page load successfully

2017-12-24 15:36:23 - [TEST_STEP][FAILED] - setText: Unable to set text 'Tester Skyshi' of object 'Object Repository/SignUp-in-Out/Page_Pasar Grobogan/input_nama' (Root cause: com.kms.katalon.core.webui.exception.WebElementNotFoundException: Web element with id: 'Object Repository/SignUp-in-Out/Page_Pasar Grobogan/input_nama' located by 'By.xpath: //input[count(. | //*[@name = 'nama']) = count(//*[@name = 'nama'])][count(. | //*[@placeholder = 'Nama Lengkap']) = count(//*[@placeholder = 'Nama Lengkap'])][count(. | //*[@type = 'text']) = count(//*[@type = 'text'])][count(. | id("__next")/div[1]/div[1]/div[2]/div[@class="main user"]/div[2]/section[@class="section is-paddingless content"]/div[@class="container is-fluid undefined"]/form[1]/div[@class="form"]/div[@class="field"]/p[@class="control has-icons-right"]/input[@class="input"]) = count(id("__next")/div[1]/div[1]/div[2]/div[@class="main user"]/div[2]/section[@class="section is-paddingless content"]/div[@class="container is-fluid undefined"]/form[1]/div[@class="form"]/div[@class="field"]/p[@class="control has-icons-right"]/input[@class="input"])]' not found)

2017-12-24 15:36:54 - [MESSAGE][FAILED] - Unable to set text 'Tester Skyshi' of object 'Object Repository/SignUp-in-Out/Page_Pasar Grobogan/input_nama' (Root cause: com.kms.katalon.core.webui.exception.WebElementNotFoundException: Web element with id: 'Object Repository/SignUp-in-Out/Page_Pasar Grobogan/input_nama' located by 'By.xpath: //input[count(. | //*[@name = 'nama']) = count(//*[@name = 'nama'])][count(. | //*[@placeholder = 'Nama Lengkap']) = count(//*[@placeholder = 'Nama Lengkap'])][count(. | //*[@type = 'text']) = count(//*[@type = 'text'])][count(. | id("__next")/div[1]/div[1]/div[2]/div[@class="main user"]/div[2]/section[@class="section is-paddingless content"]/div[@class="container is-fluid undefined"]/form[1]/div[@class="form"]/div[@class="field"]/p[@class="control has-icons-right"]/input[@class="input"]) = count(id("__next")/div[1]/div[1]/div[2]/div[@class="main user"]/div[2]/section[@class="section is-paddingless content"]/div[@class="container is-fluid undefined"]/form[1]/div[@class="form"]/div[@class="field"]/p[@class="control has-icons-right"]/input[@class="input"])]' not found)
[[ATTACHMENT|/Users/Frans/git/KatalonKomuto/Reports/KomutoBiodata/20171224_153602/1514104614388.png]]

2017-12-24 15:36:54 - [TEST_STEP][PASSED] - setText: Text '081393121317' is set on object 'Object Repository/SignUp-in-Out/Page_Pasar Grobogan/input_handphone'

2017-12-24 15:36:54 - [MESSAGE][PASSED] - Text '081393121317' is set on object 'Object Repository/SignUp-in-Out/Page_Pasar Grobogan/input_handphone'

2017-12-24 15:36:54 - [TEST_STEP][PASSED] - setText: Text '20171224@mailinator.com' is set on object 'Object Repository/SignUp-in-Out/Page_Pasar Grobogan/input_email'

2017-12-24 15:36:55 - [MESSAGE][PASSED] - Text '20171224@mailinator.com' is set on object 'Object Repository/SignUp-in-Out/Page_Pasar Grobogan/input_email'

2017-12-24 15:36:55 - [TEST_STEP][PASSED] - setText: Text 'katakmati' is set on object 'Object Repository/SignUp-in-Out/Page_Pasar Grobogan/input_password'

2017-12-24 15:36:55 - [MESSAGE][PASSED] - Text 'katakmati' is set on object 'Object Repository/SignUp-in-Out/Page_Pasar Grobogan/input_password'

2017-12-24 15:36:55 - [TEST_STEP][FAILED] - setText: Unable to set text 'katakmati' of object 'Object Repository/SignUp-in-Out/Page_Pasar Grobogan/input_passwordRetype' (Root cause: com.kms.katalon.core.webui.exception.WebElementNotFoundException: Web element with id: 'Object Repository/SignUp-in-Out/Page_Pasar Grobogan/input_passwordRetype' located by 'By.xpath: //input[count(. | //*[@name = 'passwordRetype']) = count(//*[@name = 'passwordRetype'])][count(. | //*[@placeholder = 'Konfirmasi Password']) = count(//*[@placeholder = 'Konfirmasi Password'])][count(. | //*[@type = 'password']) = count(//*[@type = 'password'])][count(. | /html/body/div[1]/div[1]/div/div/div[2]/div/div[2]/section/div/form/div/div[5]/p[1]) = count(/html/body/div[1]/div[1]/div/div/div[2]/div/div[2]/section/div/form/div/div[5]/p[1])]' not found)

2017-12-24 15:37:26 - [MESSAGE][FAILED] - Unable to set text 'katakmati' of object 'Object Repository/SignUp-in-Out/Page_Pasar Grobogan/input_passwordRetype' (Root cause: com.kms.katalon.core.webui.exception.WebElementNotFoundException: Web element with id: 'Object Repository/SignUp-in-Out/Page_Pasar Grobogan/input_passwordRetype' located by 'By.xpath: //input[count(. | //*[@name = 'passwordRetype']) = count(//*[@name = 'passwordRetype'])][count(. | //*[@placeholder = 'Konfirmasi Password']) = count(//*[@placeholder = 'Konfirmasi Password'])][count(. | //*[@type = 'password']) = count(//*[@type = 'password'])][count(. | /html/body/div[1]/div[1]/div/div/div[2]/div/div[2]/section/div/form/div/div[5]/p[1]) = count(/html/body/div[1]/div[1]/div/div/div[2]/div/div[2]/section/div/form/div/div[5]/p[1])]' not found)
[[ATTACHMENT|/Users/Frans/git/KatalonKomuto/Reports/KomutoBiodata/20171224_153602/1514104645860.png]]

2017-12-24 15:37:26 - [TEST_STEP][FAILED] - selectOptionByLabel: Unable to select option by label 'pria' of object 'Object Repository/SignUp-in-Out/Page_Pasar Grobogan/label_Pria'  (Root cause: com.kms.katalon.core.webui.exception.WebElementNotFoundException: Web element with id: 'Object Repository/SignUp-in-Out/Page_Pasar Grobogan/label_Pria' located by 'By.xpath: //label[count(. | //*[@class = 'radio  ']) = count(//*[@class = 'radio  '])][count(. | //*[text() = 'Pria']) = count(//*[text() = 'Pria'])][count(. | id("__next")/div[1]/div[1]/div[2]/div[@class="main user"]/div[2]/section[@class="section is-paddingless content"]/div[@class="container is-fluid undefined"]/form[1]/div[@class="form"]/div[@class="field"]/p[@class="control"]/label[@class="radio"]) = count(id("__next")/div[1]/div[1]/div[2]/div[@class="main user"]/div[2]/section[@class="section is-paddingless content"]/div[@class="container is-fluid undefined"]/form[1]/div[@class="form"]/div[@class="field"]/p[@class="control"]/label[@class="radio"])]' not found)

2017-12-24 15:37:56 - [MESSAGE][FAILED] - Unable to select option by label 'pria' of object 'Object Repository/SignUp-in-Out/Page_Pasar Grobogan/label_Pria'  (Root cause: com.kms.katalon.core.webui.exception.WebElementNotFoundException: Web element with id: 'Object Repository/SignUp-in-Out/Page_Pasar Grobogan/label_Pria' located by 'By.xpath: //label[count(. | //*[@class = 'radio  ']) = count(//*[@class = 'radio  '])][count(. | //*[text() = 'Pria']) = count(//*[text() = 'Pria'])][count(. | id("__next")/div[1]/div[1]/div[2]/div[@class="main user"]/div[2]/section[@class="section is-paddingless content"]/div[@class="container is-fluid undefined"]/form[1]/div[@class="form"]/div[@class="field"]/p[@class="control"]/label[@class="radio"]) = count(id("__next")/div[1]/div[1]/div[2]/div[@class="main user"]/div[2]/section[@class="section is-paddingless content"]/div[@class="container is-fluid undefined"]/form[1]/div[@class="form"]/div[@class="field"]/p[@class="control"]/label[@class="radio"])]' not found)
[[ATTACHMENT|/Users/Frans/git/KatalonKomuto/Reports/KomutoBiodata/20171224_153602/1514104676594.png]]

2017-12-24 15:37:56 - [TEST_STEP][PASSED] - click: Object: 'Object Repository/SignUp-in-Out/Page_Pasar Grobogan/button_Daftar' is clicked on

2017-12-24 15:37:56 - [MESSAGE][PASSED] - Object: 'Object Repository/SignUp-in-Out/Page_Pasar Grobogan/button_Daftar' is clicked on

2017-12-24 15:37:56 - [TEST_STEP][FAILED] - setText: Unable to set text '20171224@mailinator.com' of object 'Object Repository/SignUp-in-Out/Page_Pasar Grobogan/input_email_1' (Root cause: com.kms.katalon.core.webui.exception.WebElementNotFoundException: Web element with id: 'Object Repository/SignUp-in-Out/Page_Pasar Grobogan/input_email_1' located by 'By.xpath: //input[count(. | //*[@name = 'email']) = count(//*[@name = 'email'])][count(. | //*[@placeholder = 'Alamat Email']) = count(//*[@placeholder = 'Alamat Email'])][count(. | //*[@type = 'email']) = count(//*[@type = 'email'])]' not found)

2017-12-24 15:38:27 - [MESSAGE][FAILED] - Unable to set text '20171224@mailinator.com' of object 'Object Repository/SignUp-in-Out/Page_Pasar Grobogan/input_email_1' (Root cause: com.kms.katalon.core.webui.exception.WebElementNotFoundException: Web element with id: 'Object Repository/SignUp-in-Out/Page_Pasar Grobogan/input_email_1' located by 'By.xpath: //input[count(. | //*[@name = 'email']) = count(//*[@name = 'email'])][count(. | //*[@placeholder = 'Alamat Email']) = count(//*[@placeholder = 'Alamat Email'])][count(. | //*[@type = 'email']) = count(//*[@type = 'email'])]' not found)
[[ATTACHMENT|/Users/Frans/git/KatalonKomuto/Reports/KomutoBiodata/20171224_153602/1514104707532.png]]

2017-12-24 15:38:27 - [TEST_STEP][PASSED] - setText: Text 'katakmati' is set on object 'Object Repository/SignUp-in-Out/Page_Pasar Grobogan/input_password'

2017-12-24 15:38:27 - [MESSAGE][PASSED] - Text 'katakmati' is set on object 'Object Repository/SignUp-in-Out/Page_Pasar Grobogan/input_password'

2017-12-24 15:38:27 - [TEST_STEP][FAILED] - click: Unable to click on object 'Object Repository/SignUp-in-Out/Page_Pasar Grobogan/button_Masuk' (Root cause: com.kms.katalon.core.webui.exception.WebElementNotFoundException: Web element with id: 'Object Repository/SignUp-in-Out/Page_Pasar Grobogan/button_Masuk' located by 'By.xpath: //button[count(. | //*[@type = 'submit']) = count(//*[@type = 'submit'])][count(. | //*[text() = 'Masuk']) = count(//*[text() = 'Masuk'])][count(. | id("__next")/div[1]/div[1]/div[2]/div[@class="main user login"]/div[2]/section[@class="section is-paddingless content"]/div[@class="container is-fluid form"]/form[1]/button[@class="button is-primary is-large is-fullwidth"]) = count(id("__next")/div[1]/div[1]/div[2]/div[@class="main user login"]/div[2]/section[@class="section is-paddingless content"]/div[@class="container is-fluid form"]/form[1]/button[@class="button is-primary is-large is-fullwidth"])]' not found)

2017-12-24 15:38:58 - [MESSAGE][FAILED] - Unable to click on object 'Object Repository/SignUp-in-Out/Page_Pasar Grobogan/button_Masuk' (Root cause: com.kms.katalon.core.webui.exception.WebElementNotFoundException: Web element with id: 'Object Repository/SignUp-in-Out/Page_Pasar Grobogan/button_Masuk' located by 'By.xpath: //button[count(. | //*[@type = 'submit']) = count(//*[@type = 'submit'])][count(. | //*[text() = 'Masuk']) = count(//*[text() = 'Masuk'])][count(. | id("__next")/div[1]/div[1]/div[2]/div[@class="main user login"]/div[2]/section[@class="section is-paddingless content"]/div[@class="container is-fluid form"]/form[1]/button[@class="button is-primary is-large is-fullwidth"]) = count(id("__next")/div[1]/div[1]/div[2]/div[@class="main user login"]/div[2]/section[@class="section is-paddingless content"]/div[@class="container is-fluid form"]/form[1]/button[@class="button is-primary is-large is-fullwidth"])]' not found)
[[ATTACHMENT|/Users/Frans/git/KatalonKomuto/Reports/KomutoBiodata/20171224_153602/1514104738336.png]]

2017-12-24 15:38:58 - [TEST_STEP][FAILED] - click: Unable to click on object 'Object Repository/SignUp-in-Out/Page_Pasar Grobogan/li' (Root cause: com.kms.katalon.core.webui.exception.WebElementNotFoundException: Web element with id: 'Object Repository/SignUp-in-Out/Page_Pasar Grobogan/li' located by 'By.xpath: //li[count(. | id("__next")/div[1]/div[1]/div[2]/div[@class="main main user bg-grey"]/div[2]/div[1]/section[@class="section is-paddingless bg-white"]/div[@class="profile-wrapp"]/ul[1]/li[1]) = count(id("__next")/div[1]/div[1]/div[2]/div[@class="main main user bg-grey"]/div[2]/div[1]/section[@class="section is-paddingless bg-white"]/div[@class="profile-wrapp"]/ul[1]/li[1])]' not found)

2017-12-24 15:39:29 - [MESSAGE][FAILED] - Unable to click on object 'Object Repository/SignUp-in-Out/Page_Pasar Grobogan/li' (Root cause: com.kms.katalon.core.webui.exception.WebElementNotFoundException: Web element with id: 'Object Repository/SignUp-in-Out/Page_Pasar Grobogan/li' located by 'By.xpath: //li[count(. | id("__next")/div[1]/div[1]/div[2]/div[@class="main main user bg-grey"]/div[2]/div[1]/section[@class="section is-paddingless bg-white"]/div[@class="profile-wrapp"]/ul[1]/li[1]) = count(id("__next")/div[1]/div[1]/div[2]/div[@class="main main user bg-grey"]/div[2]/div[1]/section[@class="section is-paddingless bg-white"]/div[@class="profile-wrapp"]/ul[1]/li[1])]' not found)
[[ATTACHMENT|/Users/Frans/git/KatalonKomuto/Reports/KomutoBiodata/20171224_153602/1514104768918.png]]

2017-12-24 15:39:29 - [TEST_STEP][FAILED] - click: Unable to click on object 'Object Repository/SignUp-in-Out/Page_Pasar Grobogan/li_1' (Root cause: com.kms.katalon.core.webui.exception.WebElementNotFoundException: Web element with id: 'Object Repository/SignUp-in-Out/Page_Pasar Grobogan/li_1' located by 'By.xpath: //li[count(. | id("__next")/div[1]/div[1]/div[2]/div[@class="main main detail edit-data bg-grey"]/div[2]/section[@class="section is-paddingless has-shadow"]/div[@class="seller-akun"]/div[@class="profile-wrapp"]/ul[1]/li[1]) = count(id("__next")/div[1]/div[1]/div[2]/div[@class="main main detail edit-data bg-grey"]/div[2]/section[@class="section is-paddingless has-shadow"]/div[@class="seller-akun"]/div[@class="profile-wrapp"]/ul[1]/li[1])]' not found)

2017-12-24 15:39:59 - [MESSAGE][FAILED] - Unable to click on object 'Object Repository/SignUp-in-Out/Page_Pasar Grobogan/li_1' (Root cause: com.kms.katalon.core.webui.exception.WebElementNotFoundException: Web element with id: 'Object Repository/SignUp-in-Out/Page_Pasar Grobogan/li_1' located by 'By.xpath: //li[count(. | id("__next")/div[1]/div[1]/div[2]/div[@class="main main detail edit-data bg-grey"]/div[2]/section[@class="section is-paddingless has-shadow"]/div[@class="seller-akun"]/div[@class="profile-wrapp"]/ul[1]/li[1]) = count(id("__next")/div[1]/div[1]/div[2]/div[@class="main main detail edit-data bg-grey"]/div[2]/section[@class="section is-paddingless has-shadow"]/div[@class="seller-akun"]/div[@class="profile-wrapp"]/ul[1]/li[1])]' not found)
[[ATTACHMENT|/Users/Frans/git/KatalonKomuto/Reports/KomutoBiodata/20171224_153602/1514104799499.png]]

2017-12-24 15:39:59 - [TEST_STEP][PASSED] - closeBrowser: Browser is closed

2017-12-24 15:39:59 - [MESSAGE][PASSED] - Browser is closed

2017-12-24 15:39:59 - [TEST_STEP][PASSED] - openBrowser: Browser is opened with url: ''

2017-12-24 15:40:02 - [MESSAGE][PASSED] - Browser is opened with url: ''

2017-12-24 15:40:02 - [TEST_STEP][FAILED] - setText: Unable to set text 'emile@skyshi.io' of object 'Object Repository/Biodata/Page_Pasar Grobogan/input_email' (Root cause: com.kms.katalon.core.webui.exception.WebElementNotFoundException: Web element with id: 'Object Repository/Biodata/Page_Pasar Grobogan/input_email' located by 'By.xpath: //input[count(. | //*[@name = 'email']) = count(//*[@name = 'email'])][count(. | //*[@placeholder = 'Alamat Email']) = count(//*[@placeholder = 'Alamat Email'])][count(. | //*[@type = 'email']) = count(//*[@type = 'email'])]' not found)

2017-12-24 15:40:33 - [MESSAGE][FAILED] - Unable to set text 'emile@skyshi.io' of object 'Object Repository/Biodata/Page_Pasar Grobogan/input_email' (Root cause: com.kms.katalon.core.webui.exception.WebElementNotFoundException: Web element with id: 'Object Repository/Biodata/Page_Pasar Grobogan/input_email' located by 'By.xpath: //input[count(. | //*[@name = 'email']) = count(//*[@name = 'email'])][count(. | //*[@placeholder = 'Alamat Email']) = count(//*[@placeholder = 'Alamat Email'])][count(. | //*[@type = 'email']) = count(//*[@type = 'email'])]' not found)
[[ATTACHMENT|/Users/Frans/git/KatalonKomuto/Reports/KomutoBiodata/20171224_153602/1514104833167.png]]

2017-12-24 15:40:33 - [TEST_STEP][FAILED] - setText: Unable to set text 'katakmati' of object 'Object Repository/Biodata/Page_Pasar Grobogan/input_password' (Root cause: com.kms.katalon.core.webui.exception.WebElementNotFoundException: Web element with id: 'Object Repository/Biodata/Page_Pasar Grobogan/input_password' located by 'By.xpath: //input[count(. | //*[@name = 'password']) = count(//*[@name = 'password'])][count(. | //*[@placeholder = 'Password']) = count(//*[@placeholder = 'Password'])][count(. | //*[@type = 'password']) = count(//*[@type = 'password'])]' not found)

2017-12-24 15:41:03 - [MESSAGE][FAILED] - Unable to set text 'katakmati' of object 'Object Repository/Biodata/Page_Pasar Grobogan/input_password' (Root cause: com.kms.katalon.core.webui.exception.WebElementNotFoundException: Web element with id: 'Object Repository/Biodata/Page_Pasar Grobogan/input_password' located by 'By.xpath: //input[count(. | //*[@name = 'password']) = count(//*[@name = 'password'])][count(. | //*[@placeholder = 'Password']) = count(//*[@placeholder = 'Password'])][count(. | //*[@type = 'password']) = count(//*[@type = 'password'])]' not found)
[[ATTACHMENT|/Users/Frans/git/KatalonKomuto/Reports/KomutoBiodata/20171224_153602/1514104863704.png]]

2017-12-24 15:41:03 - [TEST_STEP][FAILED] - click: Unable to click on object 'Object Repository/Biodata/Page_Pasar Grobogan/button_Masuk' (Root cause: com.kms.katalon.core.webui.exception.WebElementNotFoundException: Web element with id: 'Object Repository/Biodata/Page_Pasar Grobogan/button_Masuk' located by 'By.xpath: //button[count(. | //*[@type = 'submit']) = count(//*[@type = 'submit'])][count(. | //*[text() = 'Masuk']) = count(//*[text() = 'Masuk'])]' not found)

2017-12-24 15:41:34 - [MESSAGE][FAILED] - Unable to click on object 'Object Repository/Biodata/Page_Pasar Grobogan/button_Masuk' (Root cause: com.kms.katalon.core.webui.exception.WebElementNotFoundException: Web element with id: 'Object Repository/Biodata/Page_Pasar Grobogan/button_Masuk' located by 'By.xpath: //button[count(. | //*[@type = 'submit']) = count(//*[@type = 'submit'])][count(. | //*[text() = 'Masuk']) = count(//*[text() = 'Masuk'])]' not found)
[[ATTACHMENT|/Users/Frans/git/KatalonKomuto/Reports/KomutoBiodata/20171224_153602/1514104894194.png]]

2017-12-24 15:41:34 - [TEST_STEP][FAILED] - click: Unable to click on object 'Object Repository/Biodata/Page_Pasar Grobogan/strong_Emileskyshi.io' (Root cause: com.kms.katalon.core.webui.exception.WebElementNotFoundException: Web element with id: 'Object Repository/Biodata/Page_Pasar Grobogan/strong_Emileskyshi.io' located by 'By.xpath: //strong[count(. | //*[text() = 'Emile@skyshi.io']) = count(//*[text() = 'Emile@skyshi.io'])]' not found)

2017-12-24 15:42:04 - [MESSAGE][FAILED] - Unable to click on object 'Object Repository/Biodata/Page_Pasar Grobogan/strong_Emileskyshi.io' (Root cause: com.kms.katalon.core.webui.exception.WebElementNotFoundException: Web element with id: 'Object Repository/Biodata/Page_Pasar Grobogan/strong_Emileskyshi.io' located by 'By.xpath: //strong[count(. | //*[text() = 'Emile@skyshi.io']) = count(//*[text() = 'Emile@skyshi.io'])]' not found)
[[ATTACHMENT|/Users/Frans/git/KatalonKomuto/Reports/KomutoBiodata/20171224_153602/1514104924649.png]]

2017-12-24 15:42:04 - [TEST_STEP][FAILED] - click: Unable to click on object 'Object Repository/Biodata/Page_Pasar Grobogan/li' (Root cause: com.kms.katalon.core.webui.exception.WebElementNotFoundException: Web element with id: 'Object Repository/Biodata/Page_Pasar Grobogan/li' located by 'By.xpath: //li[count(. | id("__next")/div[1]/div[1]/div[2]/div[@class="main main detail edit-data bg-grey"]/div[2]/section[@class="section is-paddingless has-shadow"]/div[@class="seller-akun"]/div[@class="profile-wrapp"]/ul[1]/li[1]) = count(id("__next")/div[1]/div[1]/div[2]/div[@class="main main detail edit-data bg-grey"]/div[2]/section[@class="section is-paddingless has-shadow"]/div[@class="seller-akun"]/div[@class="profile-wrapp"]/ul[1]/li[1])]' not found)

2017-12-24 15:42:35 - [MESSAGE][FAILED] - Unable to click on object 'Object Repository/Biodata/Page_Pasar Grobogan/li' (Root cause: com.kms.katalon.core.webui.exception.WebElementNotFoundException: Web element with id: 'Object Repository/Biodata/Page_Pasar Grobogan/li' located by 'By.xpath: //li[count(. | id("__next")/div[1]/div[1]/div[2]/div[@class="main main detail edit-data bg-grey"]/div[2]/section[@class="section is-paddingless has-shadow"]/div[@class="seller-akun"]/div[@class="profile-wrapp"]/ul[1]/li[1]) = count(id("__next")/div[1]/div[1]/div[2]/div[@class="main main detail edit-data bg-grey"]/div[2]/section[@class="section is-paddingless has-shadow"]/div[@class="seller-akun"]/div[@class="profile-wrapp"]/ul[1]/li[1])]' not found)
[[ATTACHMENT|/Users/Frans/git/KatalonKomuto/Reports/KomutoBiodata/20171224_153602/1514104955787.png]]

2017-12-24 15:42:35 - [TEST_STEP][FAILED] - click: Unable to click on object 'Object Repository/Biodata/Page_Pasar Grobogan/a_Ganti Foto Profil' (Root cause: com.kms.katalon.core.webui.exception.WebElementNotFoundException: Web element with id: 'Object Repository/Biodata/Page_Pasar Grobogan/a_Ganti Foto Profil' located by 'By.xpath: //a[count(. | //*[text() = 'Ganti Foto Profil']) = count(//*[text() = 'Ganti Foto Profil'])]' not found)

2017-12-24 15:43:07 - [MESSAGE][FAILED] - Unable to click on object 'Object Repository/Biodata/Page_Pasar Grobogan/a_Ganti Foto Profil' (Root cause: com.kms.katalon.core.webui.exception.WebElementNotFoundException: Web element with id: 'Object Repository/Biodata/Page_Pasar Grobogan/a_Ganti Foto Profil' located by 'By.xpath: //a[count(. | //*[text() = 'Ganti Foto Profil']) = count(//*[text() = 'Ganti Foto Profil'])]' not found)
[[ATTACHMENT|/Users/Frans/git/KatalonKomuto/Reports/KomutoBiodata/20171224_153602/1514104987219.png]]

2017-12-24 15:43:07 - [TEST_STEP][FAILED] - setText: Unable to set text 'emile@skyshi.io' of object 'Object Repository/Biodata/Page_Pasar Grobogan/input_name' (Root cause: com.kms.katalon.core.webui.exception.WebElementNotFoundException: Web element with id: 'Object Repository/Biodata/Page_Pasar Grobogan/input_name' located by 'By.xpath: //input[count(. | //*[@name = 'name']) = count(//*[@name = 'name'])][count(. | //*[@placeholder = 'Nama Lengkap']) = count(//*[@placeholder = 'Nama Lengkap'])][count(. | //*[@type = 'text']) = count(//*[@type = 'text'])]' not found)

2017-12-24 15:43:37 - [MESSAGE][FAILED] - Unable to set text 'emile@skyshi.io' of object 'Object Repository/Biodata/Page_Pasar Grobogan/input_name' (Root cause: com.kms.katalon.core.webui.exception.WebElementNotFoundException: Web element with id: 'Object Repository/Biodata/Page_Pasar Grobogan/input_name' located by 'By.xpath: //input[count(. | //*[@name = 'name']) = count(//*[@name = 'name'])][count(. | //*[@placeholder = 'Nama Lengkap']) = count(//*[@placeholder = 'Nama Lengkap'])][count(. | //*[@type = 'text']) = count(//*[@type = 'text'])]' not found)
[[ATTACHMENT|/Users/Frans/git/KatalonKomuto/Reports/KomutoBiodata/20171224_153602/1514105017652.png]]

2017-12-24 15:43:37 - [TEST_STEP][FAILED] - click: Unable to click on object 'Object Repository/Biodata/Page_Pasar Grobogan/label_Wanita' (Root cause: com.kms.katalon.core.webui.exception.WebElementNotFoundException: Web element with id: 'Object Repository/Biodata/Page_Pasar Grobogan/label_Wanita' located by 'By.xpath: //label[count(. | //*[text() = 'Wanita']) = count(//*[text() = 'Wanita'])]' not found)

2017-12-24 15:44:08 - [MESSAGE][FAILED] - Unable to click on object 'Object Repository/Biodata/Page_Pasar Grobogan/label_Wanita' (Root cause: com.kms.katalon.core.webui.exception.WebElementNotFoundException: Web element with id: 'Object Repository/Biodata/Page_Pasar Grobogan/label_Wanita' located by 'By.xpath: //label[count(. | //*[text() = 'Wanita']) = count(//*[text() = 'Wanita'])]' not found)
[[ATTACHMENT|/Users/Frans/git/KatalonKomuto/Reports/KomutoBiodata/20171224_153602/1514105048091.png]]

2017-12-24 15:44:08 - [TEST_STEP][FAILED] - click: Unable to click on object 'Object Repository/Biodata/Page_Pasar Grobogan/label_Pria' (Root cause: com.kms.katalon.core.webui.exception.WebElementNotFoundException: Web element with id: 'Object Repository/Biodata/Page_Pasar Grobogan/label_Pria' located by 'By.xpath: //label[count(. | //*[text() = 'Pria']) = count(//*[text() = 'Pria'])]' not found)

2017-12-24 15:44:38 - [MESSAGE][FAILED] - Unable to click on object 'Object Repository/Biodata/Page_Pasar Grobogan/label_Pria' (Root cause: com.kms.katalon.core.webui.exception.WebElementNotFoundException: Web element with id: 'Object Repository/Biodata/Page_Pasar Grobogan/label_Pria' located by 'By.xpath: //label[count(. | //*[text() = 'Pria']) = count(//*[text() = 'Pria'])]' not found)
[[ATTACHMENT|/Users/Frans/git/KatalonKomuto/Reports/KomutoBiodata/20171224_153602/1514105078594.png]]

2017-12-24 15:44:38 - [TEST_STEP][FAILED] - click: Unable to click on object 'Object Repository/Biodata/Page_Pasar Grobogan/span_Aceh' (Root cause: com.kms.katalon.core.webui.exception.WebElementNotFoundException: Web element with id: 'Object Repository/Biodata/Page_Pasar Grobogan/span_Aceh' located by 'By.xpath: //span[count(. | //*[text() = 'Aceh']) = count(//*[text() = 'Aceh'])]' not found)

2017-12-24 15:45:09 - [MESSAGE][FAILED] - Unable to click on object 'Object Repository/Biodata/Page_Pasar Grobogan/span_Aceh' (Root cause: com.kms.katalon.core.webui.exception.WebElementNotFoundException: Web element with id: 'Object Repository/Biodata/Page_Pasar Grobogan/span_Aceh' located by 'By.xpath: //span[count(. | //*[text() = 'Aceh']) = count(//*[text() = 'Aceh'])]' not found)
[[ATTACHMENT|/Users/Frans/git/KatalonKomuto/Reports/KomutoBiodata/20171224_153602/1514105109022.png]]

2017-12-24 15:45:09 - [TEST_STEP][FAILED] - setText: Unable to set text 'denpasar' of object 'Object Repository/Biodata/Page_Pasar Grobogan/input_input is-medium' (Root cause: com.kms.katalon.core.webui.exception.WebElementNotFoundException: Web element with id: 'Object Repository/Biodata/Page_Pasar Grobogan/input_input is-medium' located by 'By.xpath: //input[count(. | //*[@placeholder = 'Cari kabupaten / kota']) = count(//*[@placeholder = 'Cari kabupaten / kota'])][count(. | //*[@type = 'text']) = count(//*[@type = 'text'])]' not found)

2017-12-24 15:45:39 - [MESSAGE][FAILED] - Unable to set text 'denpasar' of object 'Object Repository/Biodata/Page_Pasar Grobogan/input_input is-medium' (Root cause: com.kms.katalon.core.webui.exception.WebElementNotFoundException: Web element with id: 'Object Repository/Biodata/Page_Pasar Grobogan/input_input is-medium' located by 'By.xpath: //input[count(. | //*[@placeholder = 'Cari kabupaten / kota']) = count(//*[@placeholder = 'Cari kabupaten / kota'])][count(. | //*[@type = 'text']) = count(//*[@type = 'text'])]' not found)
[[ATTACHMENT|/Users/Frans/git/KatalonKomuto/Reports/KomutoBiodata/20171224_153602/1514105139459.png]]

2017-12-24 15:45:39 - [TEST_STEP][FAILED] - sendKeys: Unable to send keys '' to object 'Object Repository/Biodata/Page_Pasar Grobogan/input_input is-medium' (Root cause: com.kms.katalon.core.webui.exception.WebElementNotFoundException: Web element with id: 'Object Repository/Biodata/Page_Pasar Grobogan/input_input is-medium' located by 'By.xpath: //input[count(. | //*[@placeholder = 'Cari kabupaten / kota']) = count(//*[@placeholder = 'Cari kabupaten / kota'])][count(. | //*[@type = 'text']) = count(//*[@type = 'text'])]' not found)

2017-12-24 15:46:09 - [MESSAGE][FAILED] - Unable to send keys '' to object 'Object Repository/Biodata/Page_Pasar Grobogan/input_input is-medium' (Root cause: com.kms.katalon.core.webui.exception.WebElementNotFoundException: Web element with id: 'Object Repository/Biodata/Page_Pasar Grobogan/input_input is-medium' located by 'By.xpath: //input[count(. | //*[@placeholder = 'Cari kabupaten / kota']) = count(//*[@placeholder = 'Cari kabupaten / kota'])][count(. | //*[@type = 'text']) = count(//*[@type = 'text'])]' not found)
[[ATTACHMENT|/Users/Frans/git/KatalonKomuto/Reports/KomutoBiodata/20171224_153602/1514105169907.png]]

2017-12-24 15:46:09 - [TEST_STEP][FAILED] - click: Unable to click on object 'Object Repository/Biodata/Page_Pasar Grobogan/li_Kota Denpasar' (Root cause: com.kms.katalon.core.webui.exception.WebElementNotFoundException: Web element with id: 'Object Repository/Biodata/Page_Pasar Grobogan/li_Kota Denpasar' located by 'By.xpath: //li[count(. | //*[text() = 'Kota Denpasar']) = count(//*[text() = 'Kota Denpasar'])]' not found)

2017-12-24 15:46:40 - [MESSAGE][FAILED] - Unable to click on object 'Object Repository/Biodata/Page_Pasar Grobogan/li_Kota Denpasar' (Root cause: com.kms.katalon.core.webui.exception.WebElementNotFoundException: Web element with id: 'Object Repository/Biodata/Page_Pasar Grobogan/li_Kota Denpasar' located by 'By.xpath: //li[count(. | //*[text() = 'Kota Denpasar']) = count(//*[text() = 'Kota Denpasar'])]' not found)
[[ATTACHMENT|/Users/Frans/git/KatalonKomuto/Reports/KomutoBiodata/20171224_153602/1514105200338.png]]

2017-12-24 15:46:40 - [TEST_STEP][FAILED] - click: Unable to click on object 'Object Repository/Biodata/Page_Pasar Grobogan/a_Simpan Perubahan' (Root cause: com.kms.katalon.core.webui.exception.WebElementNotFoundException: Web element with id: 'Object Repository/Biodata/Page_Pasar Grobogan/a_Simpan Perubahan' located by 'By.xpath: //a[count(. | //*[text() = 'Simpan Perubahan']) = count(//*[text() = 'Simpan Perubahan'])]' not found)

2017-12-24 15:47:10 - [MESSAGE][FAILED] - Unable to click on object 'Object Repository/Biodata/Page_Pasar Grobogan/a_Simpan Perubahan' (Root cause: com.kms.katalon.core.webui.exception.WebElementNotFoundException: Web element with id: 'Object Repository/Biodata/Page_Pasar Grobogan/a_Simpan Perubahan' located by 'By.xpath: //a[count(. | //*[text() = 'Simpan Perubahan']) = count(//*[text() = 'Simpan Perubahan'])]' not found)
[[ATTACHMENT|/Users/Frans/git/KatalonKomuto/Reports/KomutoBiodata/20171224_153602/1514105230797.png]]

2017-12-24 15:47:10 - [TEST_STEP][FAILED] - click: Unable to click on object 'Object Repository/Biodata/Page_Pasar Grobogan/li_1' (Root cause: com.kms.katalon.core.webui.exception.WebElementNotFoundException: Web element with id: 'Object Repository/Biodata/Page_Pasar Grobogan/li_1' located by 'By.xpath: //li[count(. | id("__next")/div[1]/div[1]/div[2]/div[@class="main main detail edit-data bg-grey"]/div[2]/section[@class="section is-paddingless has-shadow"]/div[@class="seller-akun"]/div[@class="profile-wrapp"]/ul[1]/li[2]) = count(id("__next")/div[1]/div[1]/div[2]/div[@class="main main detail edit-data bg-grey"]/div[2]/section[@class="section is-paddingless has-shadow"]/div[@class="seller-akun"]/div[@class="profile-wrapp"]/ul[1]/li[2])]' not found)

2017-12-24 15:47:41 - [MESSAGE][FAILED] - Unable to click on object 'Object Repository/Biodata/Page_Pasar Grobogan/li_1' (Root cause: com.kms.katalon.core.webui.exception.WebElementNotFoundException: Web element with id: 'Object Repository/Biodata/Page_Pasar Grobogan/li_1' located by 'By.xpath: //li[count(. | id("__next")/div[1]/div[1]/div[2]/div[@class="main main detail edit-data bg-grey"]/div[2]/section[@class="section is-paddingless has-shadow"]/div[@class="seller-akun"]/div[@class="profile-wrapp"]/ul[1]/li[2]) = count(id("__next")/div[1]/div[1]/div[2]/div[@class="main main detail edit-data bg-grey"]/div[2]/section[@class="section is-paddingless has-shadow"]/div[@class="seller-akun"]/div[@class="profile-wrapp"]/ul[1]/li[2])]' not found)
[[ATTACHMENT|/Users/Frans/git/KatalonKomuto/Reports/KomutoBiodata/20171224_153602/1514105261210.png]]

2017-12-24 15:47:41 - [TEST_STEP][FAILED] - click: Unable to click on object 'Object Repository/Biodata/Page_Pasar Grobogan/span_icon-arrow-left' (Root cause: com.kms.katalon.core.webui.exception.WebElementNotFoundException: Web element with id: 'Object Repository/Biodata/Page_Pasar Grobogan/span_icon-arrow-left' located by 'By.xpath: //span[count(. | id("__next")/div[1]/div[1]/div[2]/div[@class="main main user user-success"]/div[1]/nav[@class="level header is-fullwidth"]/div[@class="nav-left"]/a[@class="level-item"]/span[1]/span[@class="back"]/span[@class="icon-arrow-left"]) = count(id("__next")/div[1]/div[1]/div[2]/div[@class="main main user user-success"]/div[1]/nav[@class="level header is-fullwidth"]/div[@class="nav-left"]/a[@class="level-item"]/span[1]/span[@class="back"]/span[@class="icon-arrow-left"])]' not found)

2017-12-24 15:48:11 - [MESSAGE][FAILED] - Unable to click on object 'Object Repository/Biodata/Page_Pasar Grobogan/span_icon-arrow-left' (Root cause: com.kms.katalon.core.webui.exception.WebElementNotFoundException: Web element with id: 'Object Repository/Biodata/Page_Pasar Grobogan/span_icon-arrow-left' located by 'By.xpath: //span[count(. | id("__next")/div[1]/div[1]/div[2]/div[@class="main main user user-success"]/div[1]/nav[@class="level header is-fullwidth"]/div[@class="nav-left"]/a[@class="level-item"]/span[1]/span[@class="back"]/span[@class="icon-arrow-left"]) = count(id("__next")/div[1]/div[1]/div[2]/div[@class="main main user user-success"]/div[1]/nav[@class="level header is-fullwidth"]/div[@class="nav-left"]/a[@class="level-item"]/span[1]/span[@class="back"]/span[@class="icon-arrow-left"])]' not found)
[[ATTACHMENT|/Users/Frans/git/KatalonKomuto/Reports/KomutoBiodata/20171224_153602/1514105291654.png]]

2017-12-24 15:48:11 - [TEST_STEP][FAILED] - click: Unable to click on object 'Object Repository/Biodata/Page_Pasar Grobogan/li' (Root cause: com.kms.katalon.core.webui.exception.WebElementNotFoundException: Web element with id: 'Object Repository/Biodata/Page_Pasar Grobogan/li' located by 'By.xpath: //li[count(. | id("__next")/div[1]/div[1]/div[2]/div[@class="main main detail edit-data bg-grey"]/div[2]/section[@class="section is-paddingless has-shadow"]/div[@class="seller-akun"]/div[@class="profile-wrapp"]/ul[1]/li[1]) = count(id("__next")/div[1]/div[1]/div[2]/div[@class="main main detail edit-data bg-grey"]/div[2]/section[@class="section is-paddingless has-shadow"]/div[@class="seller-akun"]/div[@class="profile-wrapp"]/ul[1]/li[1])]' not found)

2017-12-24 15:48:42 - [MESSAGE][FAILED] - Unable to click on object 'Object Repository/Biodata/Page_Pasar Grobogan/li' (Root cause: com.kms.katalon.core.webui.exception.WebElementNotFoundException: Web element with id: 'Object Repository/Biodata/Page_Pasar Grobogan/li' located by 'By.xpath: //li[count(. | id("__next")/div[1]/div[1]/div[2]/div[@class="main main detail edit-data bg-grey"]/div[2]/section[@class="section is-paddingless has-shadow"]/div[@class="seller-akun"]/div[@class="profile-wrapp"]/ul[1]/li[1]) = count(id("__next")/div[1]/div[1]/div[2]/div[@class="main main detail edit-data bg-grey"]/div[2]/section[@class="section is-paddingless has-shadow"]/div[@class="seller-akun"]/div[@class="profile-wrapp"]/ul[1]/li[1])]' not found)
[[ATTACHMENT|/Users/Frans/git/KatalonKomuto/Reports/KomutoBiodata/20171224_153602/1514105322048.png]]

2017-12-24 15:48:42 - [TEST_STEP][PASSED] - closeBrowser: Browser is closed

2017-12-24 15:48:42 - [MESSAGE][PASSED] - Browser is closed]]></system-out>
         <system-err><![CDATA[2017-12-24 15:36:08 - [TEST_CASE][FAILED] - Test Cases/TC001KomutoSignUp-In-Out: Test Cases/TC001KomutoSignUp-In-Out FAILED because (of) Unable to set text 'Tester Skyshi' of object 'Object Repository/SignUp-in-Out/Page_Pasar Grobogan/input_nama' (Root cause: com.kms.katalon.core.webui.exception.WebElementNotFoundException: Web element with id: 'Object Repository/SignUp-in-Out/Page_Pasar Grobogan/input_nama' located by 'By.xpath: //input[count(. | //*[@name = 'nama']) = count(//*[@name = 'nama'])][count(. | //*[@placeholder = 'Nama Lengkap']) = count(//*[@placeholder = 'Nama Lengkap'])][count(. | //*[@type = 'text']) = count(//*[@type = 'text'])][count(. | id("__next")/div[1]/div[1]/div[2]/div[@class="main user"]/div[2]/section[@class="section is-paddingless content"]/div[@class="container is-fluid undefined"]/form[1]/div[@class="form"]/div[@class="field"]/p[@class="control has-icons-right"]/input[@class="input"]) = count(id("__next")/div[1]/div[1]/div[2]/div[@class="main user"]/div[2]/section[@class="section is-paddingless content"]/div[@class="container is-fluid undefined"]/form[1]/div[@class="form"]/div[@class="field"]/p[@class="control has-icons-right"]/input[@class="input"])]' not found)]]></system-err>
      </testcase>
      <testcase name="Test Cases/TC002KomutoSaldo" classname="Test Cases/TC002KomutoSaldo" status="FAILED">
         <failure type="FAILED" message="Unable to set text '20171224@mailinator.com' of object 'Object Repository/Saldo/Page_Pasar Grobogan/input_email' (Root cause: com.kms.katalon.core.webui.exception.WebElementNotFoundException: Web element with id: 'Object Repository/Saldo/Page_Pasar Grobogan/input_email' located by 'By.xpath: //input[count(. | //*[@name = 'email']) = count(//*[@name = 'email'])][count(. | //*[@placeholder = 'Alamat Email']) = count(//*[@placeholder = 'Alamat Email'])][count(. | //*[@type = 'email']) = count(//*[@type = 'email'])]' not found)"/>
         <system-out><![CDATA[2017-12-24 15:48:42 - [TEST_CASE][FAILED] - Test Cases/TC002KomutoSaldo: Test Cases/TC002KomutoSaldo FAILED because (of) Unable to set text '20171224@mailinator.com' of object 'Object Repository/Saldo/Page_Pasar Grobogan/input_email' (Root cause: com.kms.katalon.core.webui.exception.WebElementNotFoundException: Web element with id: 'Object Repository/Saldo/Page_Pasar Grobogan/input_email' located by 'By.xpath: //input[count(. | //*[@name = 'email']) = count(//*[@name = 'email'])][count(. | //*[@placeholder = 'Alamat Email']) = count(//*[@placeholder = 'Alamat Email'])][count(. | //*[@type = 'email']) = count(//*[@type = 'email'])]' not found)

2017-12-24 15:48:42 - [TEST_STEP][PASSED] - openBrowser: Browser is opened with url: ''

2017-12-24 15:48:45 - [MESSAGE][PASSED] - Browser is opened with url: ''

2017-12-24 15:48:45 - [TEST_STEP][FAILED] - setText: Unable to set text '20171224@mailinator.com' of object 'Object Repository/Saldo/Page_Pasar Grobogan/input_email' (Root cause: com.kms.katalon.core.webui.exception.WebElementNotFoundException: Web element with id: 'Object Repository/Saldo/Page_Pasar Grobogan/input_email' located by 'By.xpath: //input[count(. | //*[@name = 'email']) = count(//*[@name = 'email'])][count(. | //*[@placeholder = 'Alamat Email']) = count(//*[@placeholder = 'Alamat Email'])][count(. | //*[@type = 'email']) = count(//*[@type = 'email'])]' not found)

2017-12-24 15:49:15 - [MESSAGE][FAILED] - Unable to set text '20171224@mailinator.com' of object 'Object Repository/Saldo/Page_Pasar Grobogan/input_email' (Root cause: com.kms.katalon.core.webui.exception.WebElementNotFoundException: Web element with id: 'Object Repository/Saldo/Page_Pasar Grobogan/input_email' located by 'By.xpath: //input[count(. | //*[@name = 'email']) = count(//*[@name = 'email'])][count(. | //*[@placeholder = 'Alamat Email']) = count(//*[@placeholder = 'Alamat Email'])][count(. | //*[@type = 'email']) = count(//*[@type = 'email'])]' not found)
[[ATTACHMENT|/Users/Frans/git/KatalonKomuto/Reports/KomutoBiodata/20171224_153602/1514105355875.png]]

2017-12-24 15:49:15 - [TEST_STEP][FAILED] - setText: Unable to set text 'katakmati' of object 'Object Repository/Saldo/Page_Pasar Grobogan/input_password' (Root cause: com.kms.katalon.core.webui.exception.WebElementNotFoundException: Web element with id: 'Object Repository/Saldo/Page_Pasar Grobogan/input_password' located by 'By.xpath: //input[count(. | //*[@name = 'password']) = count(//*[@name = 'password'])][count(. | //*[@placeholder = 'Password']) = count(//*[@placeholder = 'Password'])][count(. | //*[@type = 'password']) = count(//*[@type = 'password'])]' not found)

2017-12-24 15:49:46 - [MESSAGE][FAILED] - Unable to set text 'katakmati' of object 'Object Repository/Saldo/Page_Pasar Grobogan/input_password' (Root cause: com.kms.katalon.core.webui.exception.WebElementNotFoundException: Web element with id: 'Object Repository/Saldo/Page_Pasar Grobogan/input_password' located by 'By.xpath: //input[count(. | //*[@name = 'password']) = count(//*[@name = 'password'])][count(. | //*[@placeholder = 'Password']) = count(//*[@placeholder = 'Password'])][count(. | //*[@type = 'password']) = count(//*[@type = 'password'])]' not found)
[[ATTACHMENT|/Users/Frans/git/KatalonKomuto/Reports/KomutoBiodata/20171224_153602/1514105386370.png]]

2017-12-24 15:49:46 - [TEST_STEP][FAILED] - sendKeys: Unable to send keys '' to object 'Object Repository/Saldo/Page_Pasar Grobogan/input_password' (Root cause: com.kms.katalon.core.webui.exception.WebElementNotFoundException: Web element with id: 'Object Repository/Saldo/Page_Pasar Grobogan/input_password' located by 'By.xpath: //input[count(. | //*[@name = 'password']) = count(//*[@name = 'password'])][count(. | //*[@placeholder = 'Password']) = count(//*[@placeholder = 'Password'])][count(. | //*[@type = 'password']) = count(//*[@type = 'password'])]' not found)

2017-12-24 15:50:16 - [MESSAGE][FAILED] - Unable to send keys '' to object 'Object Repository/Saldo/Page_Pasar Grobogan/input_password' (Root cause: com.kms.katalon.core.webui.exception.WebElementNotFoundException: Web element with id: 'Object Repository/Saldo/Page_Pasar Grobogan/input_password' located by 'By.xpath: //input[count(. | //*[@name = 'password']) = count(//*[@name = 'password'])][count(. | //*[@placeholder = 'Password']) = count(//*[@placeholder = 'Password'])][count(. | //*[@type = 'password']) = count(//*[@type = 'password'])]' not found)
[[ATTACHMENT|/Users/Frans/git/KatalonKomuto/Reports/KomutoBiodata/20171224_153602/1514105416858.png]]

2017-12-24 15:50:16 - [TEST_STEP][FAILED] - click: Unable to click on object 'Object Repository/Saldo/Page_Pasar Grobogan/p_Kelola Akun' (Root cause: com.kms.katalon.core.webui.exception.WebElementNotFoundException: Web element with id: 'Object Repository/Saldo/Page_Pasar Grobogan/p_Kelola Akun' located by 'By.xpath: //p[count(. | //*[text() = 'Kelola Akun']) = count(//*[text() = 'Kelola Akun'])]' not found)

2017-12-24 15:50:47 - [MESSAGE][FAILED] - Unable to click on object 'Object Repository/Saldo/Page_Pasar Grobogan/p_Kelola Akun' (Root cause: com.kms.katalon.core.webui.exception.WebElementNotFoundException: Web element with id: 'Object Repository/Saldo/Page_Pasar Grobogan/p_Kelola Akun' located by 'By.xpath: //p[count(. | //*[text() = 'Kelola Akun']) = count(//*[text() = 'Kelola Akun'])]' not found)
[[ATTACHMENT|/Users/Frans/git/KatalonKomuto/Reports/KomutoBiodata/20171224_153602/1514105447313.png]]

2017-12-24 15:50:47 - [TEST_STEP][FAILED] - click: Unable to click on object 'Object Repository/Saldo/Page_Pasar Grobogan/span_icon-arrow-left' (Root cause: com.kms.katalon.core.webui.exception.WebElementNotFoundException: Web element with id: 'Object Repository/Saldo/Page_Pasar Grobogan/span_icon-arrow-left' located by 'By.xpath: //span[count(. | id("__next")/div[1]/div[1]/div[2]/div[@class="main main detail edit-data bg-grey"]/div[1]/nav[@class="level header is-fullwidth"]/div[@class="nav-left"]/a[@class="level-item"]/span[1]/span[@class="back"]/span[@class="icon-arrow-left"]) = count(id("__next")/div[1]/div[1]/div[2]/div[@class="main main detail edit-data bg-grey"]/div[1]/nav[@class="level header is-fullwidth"]/div[@class="nav-left"]/a[@class="level-item"]/span[1]/span[@class="back"]/span[@class="icon-arrow-left"])]' not found)

2017-12-24 15:51:17 - [MESSAGE][FAILED] - Unable to click on object 'Object Repository/Saldo/Page_Pasar Grobogan/span_icon-arrow-left' (Root cause: com.kms.katalon.core.webui.exception.WebElementNotFoundException: Web element with id: 'Object Repository/Saldo/Page_Pasar Grobogan/span_icon-arrow-left' located by 'By.xpath: //span[count(. | id("__next")/div[1]/div[1]/div[2]/div[@class="main main detail edit-data bg-grey"]/div[1]/nav[@class="level header is-fullwidth"]/div[@class="nav-left"]/a[@class="level-item"]/span[1]/span[@class="back"]/span[@class="icon-arrow-left"]) = count(id("__next")/div[1]/div[1]/div[2]/div[@class="main main detail edit-data bg-grey"]/div[1]/nav[@class="level header is-fullwidth"]/div[@class="nav-left"]/a[@class="level-item"]/span[1]/span[@class="back"]/span[@class="icon-arrow-left"])]' not found)
[[ATTACHMENT|/Users/Frans/git/KatalonKomuto/Reports/KomutoBiodata/20171224_153602/1514105477764.png]]

2017-12-24 15:51:17 - [TEST_STEP][FAILED] - click: Unable to click on object 'Object Repository/Saldo/Page_Pasar Grobogan/li' (Root cause: com.kms.katalon.core.webui.exception.WebElementNotFoundException: Web element with id: 'Object Repository/Saldo/Page_Pasar Grobogan/li' located by 'By.xpath: //li[count(. | id("__next")/div[1]/div[1]/div[2]/div[@class="main main user bg-grey"]/div[2]/div[1]/section[@class="section is-paddingless bg-white"]/div[@class="profile-wrapp"]/ul[1]/li[2]) = count(id("__next")/div[1]/div[1]/div[2]/div[@class="main main user bg-grey"]/div[2]/div[1]/section[@class="section is-paddingless bg-white"]/div[@class="profile-wrapp"]/ul[1]/li[2])]' not found)

2017-12-24 15:51:48 - [MESSAGE][FAILED] - Unable to click on object 'Object Repository/Saldo/Page_Pasar Grobogan/li' (Root cause: com.kms.katalon.core.webui.exception.WebElementNotFoundException: Web element with id: 'Object Repository/Saldo/Page_Pasar Grobogan/li' located by 'By.xpath: //li[count(. | id("__next")/div[1]/div[1]/div[2]/div[@class="main main user bg-grey"]/div[2]/div[1]/section[@class="section is-paddingless bg-white"]/div[@class="profile-wrapp"]/ul[1]/li[2]) = count(id("__next")/div[1]/div[1]/div[2]/div[@class="main main user bg-grey"]/div[2]/div[1]/section[@class="section is-paddingless bg-white"]/div[@class="profile-wrapp"]/ul[1]/li[2])]' not found)
[[ATTACHMENT|/Users/Frans/git/KatalonKomuto/Reports/KomutoBiodata/20171224_153602/1514105508220.png]]

2017-12-24 15:51:48 - [TEST_STEP][FAILED] - click: Unable to click on object 'Object Repository/Saldo/Page_Pasar Grobogan/li_1' (Root cause: com.kms.katalon.core.webui.exception.WebElementNotFoundException: Web element with id: 'Object Repository/Saldo/Page_Pasar Grobogan/li_1' located by 'By.xpath: //li[count(. | id("__next")/div[1]/div[1]/div[2]/div[@class="main main no-padding-bottom bg-grey saldo"]/div[2]/div[2]/section[@class="section is-paddingless has-shadow undefined"]/div[@class="seller-akun"]/div[@class="profile-wrapp undefined"]/ul[1]/li[1]) = count(id("__next")/div[1]/div[1]/div[2]/div[@class="main main no-padding-bottom bg-grey saldo"]/div[2]/div[2]/section[@class="section is-paddingless has-shadow undefined"]/div[@class="seller-akun"]/div[@class="profile-wrapp undefined"]/ul[1]/li[1])]' not found)

2017-12-24 15:52:18 - [MESSAGE][FAILED] - Unable to click on object 'Object Repository/Saldo/Page_Pasar Grobogan/li_1' (Root cause: com.kms.katalon.core.webui.exception.WebElementNotFoundException: Web element with id: 'Object Repository/Saldo/Page_Pasar Grobogan/li_1' located by 'By.xpath: //li[count(. | id("__next")/div[1]/div[1]/div[2]/div[@class="main main no-padding-bottom bg-grey saldo"]/div[2]/div[2]/section[@class="section is-paddingless has-shadow undefined"]/div[@class="seller-akun"]/div[@class="profile-wrapp undefined"]/ul[1]/li[1]) = count(id("__next")/div[1]/div[1]/div[2]/div[@class="main main no-padding-bottom bg-grey saldo"]/div[2]/div[2]/section[@class="section is-paddingless has-shadow undefined"]/div[@class="seller-akun"]/div[@class="profile-wrapp undefined"]/ul[1]/li[1])]' not found)
[[ATTACHMENT|/Users/Frans/git/KatalonKomuto/Reports/KomutoBiodata/20171224_153602/1514105538666.png]]

2017-12-24 15:52:18 - [TEST_STEP][FAILED] - click: Unable to click on object 'Object Repository/Saldo/Page_Pasar Grobogan/a_Rp 400.000' (Root cause: com.kms.katalon.core.webui.exception.WebElementNotFoundException: Web element with id: 'Object Repository/Saldo/Page_Pasar Grobogan/a_Rp 400.000' located by 'By.xpath: //a[count(. | //*[text() = 'Rp 400.000']) = count(//*[text() = 'Rp 400.000'])]' not found)

2017-12-24 15:52:49 - [MESSAGE][FAILED] - Unable to click on object 'Object Repository/Saldo/Page_Pasar Grobogan/a_Rp 400.000' (Root cause: com.kms.katalon.core.webui.exception.WebElementNotFoundException: Web element with id: 'Object Repository/Saldo/Page_Pasar Grobogan/a_Rp 400.000' located by 'By.xpath: //a[count(. | //*[text() = 'Rp 400.000']) = count(//*[text() = 'Rp 400.000'])]' not found)
[[ATTACHMENT|/Users/Frans/git/KatalonKomuto/Reports/KomutoBiodata/20171224_153602/1514105569092.png]]

2017-12-24 15:52:49 - [TEST_STEP][FAILED] - click: Unable to click on object 'Object Repository/Saldo/Page_Pasar Grobogan/a_button-main-content' (Root cause: com.kms.katalon.core.webui.exception.WebElementNotFoundException: Web element with id: 'Object Repository/Saldo/Page_Pasar Grobogan/iframe_popup_1514104030329' located by 'By.xpath: //iframe[count(. | //*[@src = 'https://app.sandbox.midtrans.com/snap/v1/pay?origin_host=https://mobiledev.komuto.com&digest=6f9ac2e87fe756151acb669a935c13fc71fe5d231dc540969f3996e6b251348a&client_key=[object Object]#/']) = count(//*[@src = 'https://app.sandbox.midtrans.com/snap/v1/pay?origin_host=https://mobiledev.komuto.com&digest=6f9ac2e87fe756151acb669a935c13fc71fe5d231dc540969f3996e6b251348a&client_key=[object Object]#/'])][count(. | //*[@id = 'snap-midtrans']) = count(//*[@id = 'snap-midtrans'])][count(. | //*[@name = 'popup_1514104030329']) = count(//*[@name = 'popup_1514104030329'])]' not found)

2017-12-24 15:53:19 - [MESSAGE][FAILED] - Unable to click on object 'Object Repository/Saldo/Page_Pasar Grobogan/a_button-main-content' (Root cause: com.kms.katalon.core.webui.exception.WebElementNotFoundException: Web element with id: 'Object Repository/Saldo/Page_Pasar Grobogan/iframe_popup_1514104030329' located by 'By.xpath: //iframe[count(. | //*[@src = 'https://app.sandbox.midtrans.com/snap/v1/pay?origin_host=https://mobiledev.komuto.com&digest=6f9ac2e87fe756151acb669a935c13fc71fe5d231dc540969f3996e6b251348a&client_key=[object Object]#/']) = count(//*[@src = 'https://app.sandbox.midtrans.com/snap/v1/pay?origin_host=https://mobiledev.komuto.com&digest=6f9ac2e87fe756151acb669a935c13fc71fe5d231dc540969f3996e6b251348a&client_key=[object Object]#/'])][count(. | //*[@id = 'snap-midtrans']) = count(//*[@id = 'snap-midtrans'])][count(. | //*[@name = 'popup_1514104030329']) = count(//*[@name = 'popup_1514104030329'])]' not found)
[[ATTACHMENT|/Users/Frans/git/KatalonKomuto/Reports/KomutoBiodata/20171224_153602/1514105599533.png]]

2017-12-24 15:53:19 - [TEST_STEP][FAILED] - click: Unable to click on object 'Object Repository/Saldo/Page_Pasar Grobogan/div_Kartu Kredit' (Root cause: com.kms.katalon.core.webui.exception.WebElementNotFoundException: Web element with id: 'Object Repository/Saldo/Page_Pasar Grobogan/iframe_popup_1514104030329' located by 'By.xpath: //iframe[count(. | //*[@src = 'https://app.sandbox.midtrans.com/snap/v1/pay?origin_host=https://mobiledev.komuto.com&digest=6f9ac2e87fe756151acb669a935c13fc71fe5d231dc540969f3996e6b251348a&client_key=[object Object]#/']) = count(//*[@src = 'https://app.sandbox.midtrans.com/snap/v1/pay?origin_host=https://mobiledev.komuto.com&digest=6f9ac2e87fe756151acb669a935c13fc71fe5d231dc540969f3996e6b251348a&client_key=[object Object]#/'])][count(. | //*[@id = 'snap-midtrans']) = count(//*[@id = 'snap-midtrans'])][count(. | //*[@name = 'popup_1514104030329']) = count(//*[@name = 'popup_1514104030329'])]' not found)

2017-12-24 15:53:49 - [MESSAGE][FAILED] - Unable to click on object 'Object Repository/Saldo/Page_Pasar Grobogan/div_Kartu Kredit' (Root cause: com.kms.katalon.core.webui.exception.WebElementNotFoundException: Web element with id: 'Object Repository/Saldo/Page_Pasar Grobogan/iframe_popup_1514104030329' located by 'By.xpath: //iframe[count(. | //*[@src = 'https://app.sandbox.midtrans.com/snap/v1/pay?origin_host=https://mobiledev.komuto.com&digest=6f9ac2e87fe756151acb669a935c13fc71fe5d231dc540969f3996e6b251348a&client_key=[object Object]#/']) = count(//*[@src = 'https://app.sandbox.midtrans.com/snap/v1/pay?origin_host=https://mobiledev.komuto.com&digest=6f9ac2e87fe756151acb669a935c13fc71fe5d231dc540969f3996e6b251348a&client_key=[object Object]#/'])][count(. | //*[@id = 'snap-midtrans']) = count(//*[@id = 'snap-midtrans'])][count(. | //*[@name = 'popup_1514104030329']) = count(//*[@name = 'popup_1514104030329'])]' not found)
[[ATTACHMENT|/Users/Frans/git/KatalonKomuto/Reports/KomutoBiodata/20171224_153602/1514105629973.png]]

2017-12-24 15:53:49 - [TEST_STEP][FAILED] - setText: Unable to set text '5211 1111 1111 1117' of object 'Object Repository/Saldo/Page_Pasar Grobogan/input_cardnumber' (Root cause: com.kms.katalon.core.webui.exception.WebElementNotFoundException: Web element with id: 'Object Repository/Saldo/Page_Pasar Grobogan/iframe_popup_1514104030329' located by 'By.xpath: //iframe[count(. | //*[@src = 'https://app.sandbox.midtrans.com/snap/v1/pay?origin_host=https://mobiledev.komuto.com&digest=6f9ac2e87fe756151acb669a935c13fc71fe5d231dc540969f3996e6b251348a&client_key=[object Object]#/']) = count(//*[@src = 'https://app.sandbox.midtrans.com/snap/v1/pay?origin_host=https://mobiledev.komuto.com&digest=6f9ac2e87fe756151acb669a935c13fc71fe5d231dc540969f3996e6b251348a&client_key=[object Object]#/'])][count(. | //*[@id = 'snap-midtrans']) = count(//*[@id = 'snap-midtrans'])][count(. | //*[@name = 'popup_1514104030329']) = count(//*[@name = 'popup_1514104030329'])]' not found)

2017-12-24 15:54:20 - [MESSAGE][FAILED] - Unable to set text '5211 1111 1111 1117' of object 'Object Repository/Saldo/Page_Pasar Grobogan/input_cardnumber' (Root cause: com.kms.katalon.core.webui.exception.WebElementNotFoundException: Web element with id: 'Object Repository/Saldo/Page_Pasar Grobogan/iframe_popup_1514104030329' located by 'By.xpath: //iframe[count(. | //*[@src = 'https://app.sandbox.midtrans.com/snap/v1/pay?origin_host=https://mobiledev.komuto.com&digest=6f9ac2e87fe756151acb669a935c13fc71fe5d231dc540969f3996e6b251348a&client_key=[object Object]#/']) = count(//*[@src = 'https://app.sandbox.midtrans.com/snap/v1/pay?origin_host=https://mobiledev.komuto.com&digest=6f9ac2e87fe756151acb669a935c13fc71fe5d231dc540969f3996e6b251348a&client_key=[object Object]#/'])][count(. | //*[@id = 'snap-midtrans']) = count(//*[@id = 'snap-midtrans'])][count(. | //*[@name = 'popup_1514104030329']) = count(//*[@name = 'popup_1514104030329'])]' not found)
[[ATTACHMENT|/Users/Frans/git/KatalonKomuto/Reports/KomutoBiodata/20171224_153602/1514105660409.png]]

2017-12-24 15:54:20 - [TEST_STEP][FAILED] - setText: Unable to set text '01 / 20' of object 'Object Repository/Saldo/Page_Pasar Grobogan/input' (Root cause: com.kms.katalon.core.webui.exception.WebElementNotFoundException: Web element with id: 'Object Repository/Saldo/Page_Pasar Grobogan/iframe_popup_1514104030329' located by 'By.xpath: //iframe[count(. | //*[@src = 'https://app.sandbox.midtrans.com/snap/v1/pay?origin_host=https://mobiledev.komuto.com&digest=6f9ac2e87fe756151acb669a935c13fc71fe5d231dc540969f3996e6b251348a&client_key=[object Object]#/']) = count(//*[@src = 'https://app.sandbox.midtrans.com/snap/v1/pay?origin_host=https://mobiledev.komuto.com&digest=6f9ac2e87fe756151acb669a935c13fc71fe5d231dc540969f3996e6b251348a&client_key=[object Object]#/'])][count(. | //*[@id = 'snap-midtrans']) = count(//*[@id = 'snap-midtrans'])][count(. | //*[@name = 'popup_1514104030329']) = count(//*[@name = 'popup_1514104030329'])]' not found)

2017-12-24 15:54:50 - [MESSAGE][FAILED] - Unable to set text '01 / 20' of object 'Object Repository/Saldo/Page_Pasar Grobogan/input' (Root cause: com.kms.katalon.core.webui.exception.WebElementNotFoundException: Web element with id: 'Object Repository/Saldo/Page_Pasar Grobogan/iframe_popup_1514104030329' located by 'By.xpath: //iframe[count(. | //*[@src = 'https://app.sandbox.midtrans.com/snap/v1/pay?origin_host=https://mobiledev.komuto.com&digest=6f9ac2e87fe756151acb669a935c13fc71fe5d231dc540969f3996e6b251348a&client_key=[object Object]#/']) = count(//*[@src = 'https://app.sandbox.midtrans.com/snap/v1/pay?origin_host=https://mobiledev.komuto.com&digest=6f9ac2e87fe756151acb669a935c13fc71fe5d231dc540969f3996e6b251348a&client_key=[object Object]#/'])][count(. | //*[@id = 'snap-midtrans']) = count(//*[@id = 'snap-midtrans'])][count(. | //*[@name = 'popup_1514104030329']) = count(//*[@name = 'popup_1514104030329'])]' not found)
[[ATTACHMENT|/Users/Frans/git/KatalonKomuto/Reports/KomutoBiodata/20171224_153602/1514105690839.png]]

2017-12-24 15:54:50 - [TEST_STEP][FAILED] - setText: Unable to set text '123' of object 'Object Repository/Saldo/Page_Pasar Grobogan/input_1' (Root cause: com.kms.katalon.core.webui.exception.WebElementNotFoundException: Web element with id: 'Object Repository/Saldo/Page_Pasar Grobogan/iframe_popup_1514104030329' located by 'By.xpath: //iframe[count(. | //*[@src = 'https://app.sandbox.midtrans.com/snap/v1/pay?origin_host=https://mobiledev.komuto.com&digest=6f9ac2e87fe756151acb669a935c13fc71fe5d231dc540969f3996e6b251348a&client_key=[object Object]#/']) = count(//*[@src = 'https://app.sandbox.midtrans.com/snap/v1/pay?origin_host=https://mobiledev.komuto.com&digest=6f9ac2e87fe756151acb669a935c13fc71fe5d231dc540969f3996e6b251348a&client_key=[object Object]#/'])][count(. | //*[@id = 'snap-midtrans']) = count(//*[@id = 'snap-midtrans'])][count(. | //*[@name = 'popup_1514104030329']) = count(//*[@name = 'popup_1514104030329'])]' not found)

2017-12-24 15:55:21 - [MESSAGE][FAILED] - Unable to set text '123' of object 'Object Repository/Saldo/Page_Pasar Grobogan/input_1' (Root cause: com.kms.katalon.core.webui.exception.WebElementNotFoundException: Web element with id: 'Object Repository/Saldo/Page_Pasar Grobogan/iframe_popup_1514104030329' located by 'By.xpath: //iframe[count(. | //*[@src = 'https://app.sandbox.midtrans.com/snap/v1/pay?origin_host=https://mobiledev.komuto.com&digest=6f9ac2e87fe756151acb669a935c13fc71fe5d231dc540969f3996e6b251348a&client_key=[object Object]#/']) = count(//*[@src = 'https://app.sandbox.midtrans.com/snap/v1/pay?origin_host=https://mobiledev.komuto.com&digest=6f9ac2e87fe756151acb669a935c13fc71fe5d231dc540969f3996e6b251348a&client_key=[object Object]#/'])][count(. | //*[@id = 'snap-midtrans']) = count(//*[@id = 'snap-midtrans'])][count(. | //*[@name = 'popup_1514104030329']) = count(//*[@name = 'popup_1514104030329'])]' not found)
[[ATTACHMENT|/Users/Frans/git/KatalonKomuto/Reports/KomutoBiodata/20171224_153602/1514105721286.png]]

2017-12-24 15:55:21 - [TEST_STEP][FAILED] - click: Unable to click on object 'Object Repository/Saldo/Page_Pasar Grobogan/a_button-main-content_1' (Root cause: com.kms.katalon.core.webui.exception.WebElementNotFoundException: Web element with id: 'Object Repository/Saldo/Page_Pasar Grobogan/iframe_popup_1514104030329' located by 'By.xpath: //iframe[count(. | //*[@src = 'https://app.sandbox.midtrans.com/snap/v1/pay?origin_host=https://mobiledev.komuto.com&digest=6f9ac2e87fe756151acb669a935c13fc71fe5d231dc540969f3996e6b251348a&client_key=[object Object]#/']) = count(//*[@src = 'https://app.sandbox.midtrans.com/snap/v1/pay?origin_host=https://mobiledev.komuto.com&digest=6f9ac2e87fe756151acb669a935c13fc71fe5d231dc540969f3996e6b251348a&client_key=[object Object]#/'])][count(. | //*[@id = 'snap-midtrans']) = count(//*[@id = 'snap-midtrans'])][count(. | //*[@name = 'popup_1514104030329']) = count(//*[@name = 'popup_1514104030329'])]' not found)

2017-12-24 15:55:51 - [MESSAGE][FAILED] - Unable to click on object 'Object Repository/Saldo/Page_Pasar Grobogan/a_button-main-content_1' (Root cause: com.kms.katalon.core.webui.exception.WebElementNotFoundException: Web element with id: 'Object Repository/Saldo/Page_Pasar Grobogan/iframe_popup_1514104030329' located by 'By.xpath: //iframe[count(. | //*[@src = 'https://app.sandbox.midtrans.com/snap/v1/pay?origin_host=https://mobiledev.komuto.com&digest=6f9ac2e87fe756151acb669a935c13fc71fe5d231dc540969f3996e6b251348a&client_key=[object Object]#/']) = count(//*[@src = 'https://app.sandbox.midtrans.com/snap/v1/pay?origin_host=https://mobiledev.komuto.com&digest=6f9ac2e87fe756151acb669a935c13fc71fe5d231dc540969f3996e6b251348a&client_key=[object Object]#/'])][count(. | //*[@id = 'snap-midtrans']) = count(//*[@id = 'snap-midtrans'])][count(. | //*[@name = 'popup_1514104030329']) = count(//*[@name = 'popup_1514104030329'])]' not found)
[[ATTACHMENT|/Users/Frans/git/KatalonKomuto/Reports/KomutoBiodata/20171224_153602/1514105751711.png]]

2017-12-24 15:55:51 - [TEST_STEP][FAILED] - click: Unable to click on object 'Object Repository/Saldo/Page_Pasar Grobogan/a_button-main-content_1' (Root cause: com.kms.katalon.core.webui.exception.WebElementNotFoundException: Web element with id: 'Object Repository/Saldo/Page_Pasar Grobogan/iframe_popup_1514104030329' located by 'By.xpath: //iframe[count(. | //*[@src = 'https://app.sandbox.midtrans.com/snap/v1/pay?origin_host=https://mobiledev.komuto.com&digest=6f9ac2e87fe756151acb669a935c13fc71fe5d231dc540969f3996e6b251348a&client_key=[object Object]#/']) = count(//*[@src = 'https://app.sandbox.midtrans.com/snap/v1/pay?origin_host=https://mobiledev.komuto.com&digest=6f9ac2e87fe756151acb669a935c13fc71fe5d231dc540969f3996e6b251348a&client_key=[object Object]#/'])][count(. | //*[@id = 'snap-midtrans']) = count(//*[@id = 'snap-midtrans'])][count(. | //*[@name = 'popup_1514104030329']) = count(//*[@name = 'popup_1514104030329'])]' not found)

2017-12-24 15:56:22 - [MESSAGE][FAILED] - Unable to click on object 'Object Repository/Saldo/Page_Pasar Grobogan/a_button-main-content_1' (Root cause: com.kms.katalon.core.webui.exception.WebElementNotFoundException: Web element with id: 'Object Repository/Saldo/Page_Pasar Grobogan/iframe_popup_1514104030329' located by 'By.xpath: //iframe[count(. | //*[@src = 'https://app.sandbox.midtrans.com/snap/v1/pay?origin_host=https://mobiledev.komuto.com&digest=6f9ac2e87fe756151acb669a935c13fc71fe5d231dc540969f3996e6b251348a&client_key=[object Object]#/']) = count(//*[@src = 'https://app.sandbox.midtrans.com/snap/v1/pay?origin_host=https://mobiledev.komuto.com&digest=6f9ac2e87fe756151acb669a935c13fc71fe5d231dc540969f3996e6b251348a&client_key=[object Object]#/'])][count(. | //*[@id = 'snap-midtrans']) = count(//*[@id = 'snap-midtrans'])][count(. | //*[@name = 'popup_1514104030329']) = count(//*[@name = 'popup_1514104030329'])]' not found)
[[ATTACHMENT|/Users/Frans/git/KatalonKomuto/Reports/KomutoBiodata/20171224_153602/1514105782148.png]]

2017-12-24 15:56:22 - [TEST_STEP][FAILED] - click: Unable to click on object 'Object Repository/Saldo/Page_Pasar Grobogan/a_Lihat balance status' (Root cause: com.kms.katalon.core.webui.exception.WebElementNotFoundException: Web element with id: 'Object Repository/Saldo/Page_Pasar Grobogan/a_Lihat balance status' located by 'By.xpath: //a[count(. | //*[text() = 'Lihat balance status']) = count(//*[text() = 'Lihat balance status'])]' not found)

2017-12-24 15:56:52 - [MESSAGE][FAILED] - Unable to click on object 'Object Repository/Saldo/Page_Pasar Grobogan/a_Lihat balance status' (Root cause: com.kms.katalon.core.webui.exception.WebElementNotFoundException: Web element with id: 'Object Repository/Saldo/Page_Pasar Grobogan/a_Lihat balance status' located by 'By.xpath: //a[count(. | //*[text() = 'Lihat balance status']) = count(//*[text() = 'Lihat balance status'])]' not found)
[[ATTACHMENT|/Users/Frans/git/KatalonKomuto/Reports/KomutoBiodata/20171224_153602/1514105812566.png]]

2017-12-24 15:56:52 - [TEST_STEP][FAILED] - click: Unable to click on object 'Object Repository/Saldo/Page_Pasar Grobogan/strong_Sukses' (Root cause: com.kms.katalon.core.webui.exception.WebElementNotFoundException: Web element with id: 'Object Repository/Saldo/Page_Pasar Grobogan/strong_Sukses' located by 'By.xpath: //strong[count(. | //*[text() = 'Sukses']) = count(//*[text() = 'Sukses'])]' not found)

2017-12-24 15:57:23 - [MESSAGE][FAILED] - Unable to click on object 'Object Repository/Saldo/Page_Pasar Grobogan/strong_Sukses' (Root cause: com.kms.katalon.core.webui.exception.WebElementNotFoundException: Web element with id: 'Object Repository/Saldo/Page_Pasar Grobogan/strong_Sukses' located by 'By.xpath: //strong[count(. | //*[text() = 'Sukses']) = count(//*[text() = 'Sukses'])]' not found)
[[ATTACHMENT|/Users/Frans/git/KatalonKomuto/Reports/KomutoBiodata/20171224_153602/1514105843002.png]]

2017-12-24 15:57:23 - [TEST_STEP][FAILED] - rightClick: Unable to right click on object 'Object Repository/Saldo/Page_Pasar Grobogan/strong_Sukses' (Root cause: com.kms.katalon.core.webui.exception.WebElementNotFoundException: Web element with id: 'Object Repository/Saldo/Page_Pasar Grobogan/strong_Sukses' located by 'By.xpath: //strong[count(. | //*[text() = 'Sukses']) = count(//*[text() = 'Sukses'])]' not found)

2017-12-24 15:57:53 - [MESSAGE][FAILED] - Unable to right click on object 'Object Repository/Saldo/Page_Pasar Grobogan/strong_Sukses' (Root cause: com.kms.katalon.core.webui.exception.WebElementNotFoundException: Web element with id: 'Object Repository/Saldo/Page_Pasar Grobogan/strong_Sukses' located by 'By.xpath: //strong[count(. | //*[text() = 'Sukses']) = count(//*[text() = 'Sukses'])]' not found)
[[ATTACHMENT|/Users/Frans/git/KatalonKomuto/Reports/KomutoBiodata/20171224_153602/1514105873436.png]]

2017-12-24 15:57:53 - [TEST_STEP][PASSED] - closeBrowser: Browser is closed

2017-12-24 15:57:53 - [MESSAGE][PASSED] - Browser is closed]]></system-out>
         <system-err><![CDATA[2017-12-24 15:48:42 - [TEST_CASE][FAILED] - Test Cases/TC002KomutoSaldo: Test Cases/TC002KomutoSaldo FAILED because (of) Unable to set text '20171224@mailinator.com' of object 'Object Repository/Saldo/Page_Pasar Grobogan/input_email' (Root cause: com.kms.katalon.core.webui.exception.WebElementNotFoundException: Web element with id: 'Object Repository/Saldo/Page_Pasar Grobogan/input_email' located by 'By.xpath: //input[count(. | //*[@name = 'email']) = count(//*[@name = 'email'])][count(. | //*[@placeholder = 'Alamat Email']) = count(//*[@placeholder = 'Alamat Email'])][count(. | //*[@type = 'email']) = count(//*[@type = 'email'])]' not found)]]></system-err>
      </testcase>
      <system-out><![CDATA[2017-12-24 15:36:07 - [TEST_SUITE][FAILED] - KomutoBiodata: Test Cases/TC001KomutoSignUp-In-Out FAILED because (of) Unable to set text 'Tester Skyshi' of object 'Object Repository/SignUp-in-Out/Page_Pasar Grobogan/input_nama' (Root cause: com.kms.katalon.core.webui.exception.WebElementNotFoundException: Web element with id: 'Object Repository/SignUp-in-Out/Page_Pasar Grobogan/input_nama' located by 'By.xpath: //input[count(. | //*[@name = 'nama']) = count(//*[@name = 'nama'])][count(. | //*[@placeholder = 'Nama Lengkap']) = count(//*[@placeholder = 'Nama Lengkap'])][count(. | //*[@type = 'text']) = count(//*[@type = 'text'])][count(. | id("__next")/div[1]/div[1]/div[2]/div[@class="main user"]/div[2]/section[@class="section is-paddingless content"]/div[@class="container is-fluid undefined"]/form[1]/div[@class="form"]/div[@class="field"]/p[@class="control has-icons-right"]/input[@class="input"]) = count(id("__next")/div[1]/div[1]/div[2]/div[@class="main user"]/div[2]/section[@class="section is-paddingless content"]/div[@class="container is-fluid undefined"]/form[1]/div[@class="form"]/div[@class="field"]/p[@class="control has-icons-right"]/input[@class="input"])]' not found)]]></system-out>
      <system-err><![CDATA[2017-12-24 15:36:07 - [TEST_SUITE][FAILED] - KomutoBiodata: Test Cases/TC001KomutoSignUp-In-Out FAILED because (of) Unable to set text 'Tester Skyshi' of object 'Object Repository/SignUp-in-Out/Page_Pasar Grobogan/input_nama' (Root cause: com.kms.katalon.core.webui.exception.WebElementNotFoundException: Web element with id: 'Object Repository/SignUp-in-Out/Page_Pasar Grobogan/input_nama' located by 'By.xpath: //input[count(. | //*[@name = 'nama']) = count(//*[@name = 'nama'])][count(. | //*[@placeholder = 'Nama Lengkap']) = count(//*[@placeholder = 'Nama Lengkap'])][count(. | //*[@type = 'text']) = count(//*[@type = 'text'])][count(. | id("__next")/div[1]/div[1]/div[2]/div[@class="main user"]/div[2]/section[@class="section is-paddingless content"]/div[@class="container is-fluid undefined"]/form[1]/div[@class="form"]/div[@class="field"]/p[@class="control has-icons-right"]/input[@class="input"]) = count(id("__next")/div[1]/div[1]/div[2]/div[@class="main user"]/div[2]/section[@class="section is-paddingless content"]/div[@class="container is-fluid undefined"]/form[1]/div[@class="form"]/div[@class="field"]/p[@class="control has-icons-right"]/input[@class="input"])]' not found)]]></system-err>
   </testsuite>
</testsuites>
